-------------------------------------------------------------------------------
Test set: TestSuite
-------------------------------------------------------------------------------
Tests run: 2, Failures: 1, Errors: 0, Skipped: 0, Time elapsed: 10.794 s <<< FAILURE! - in TestSuite
runScenario(cucumberOptions.TestNGRunner)  Time elapsed: 7.6 s  <<< FAILURE!
java.lang.AssertionError: expected [Beetroot] but found [No data]

